<?xml version="1.0" encoding="UTF-8"?>
<!-- Generated by org.testng.reporters.JUnitReportReporter -->
<testsuite skipped="0" hostname="IN2070121W2" name="com.datadriver.testng.excel.FreeCRMRegTestTestNG" tests="7" failures="0" timestamp="22 Jun 2018 07:55:09 GMT" time="277.497" errors="0">
  <testcase name="testRegPage" time="41.273" classname="com.datadriver.testng.excel.FreeCRMRegTestTestNG"/>
  <testcase name="testRegPage" time="35.016" classname="com.datadriver.testng.excel.FreeCRMRegTestTestNG"/>
  <testcase name="testRegPage" time="34.041" classname="com.datadriver.testng.excel.FreeCRMRegTestTestNG"/>
  <testcase name="testRegPage" time="35.172" classname="com.datadriver.testng.excel.FreeCRMRegTestTestNG"/>
  <testcase name="testRegPage" time="37.465" classname="com.datadriver.testng.excel.FreeCRMRegTestTestNG"/>
  <testcase name="testRegPage" time="50.841" classname="com.datadriver.testng.excel.FreeCRMRegTestTestNG"/>
  <testcase name="testRegPage" time="43.689" classname="com.datadriver.testng.excel.FreeCRMRegTestTestNG"/>
</testsuite> <!-- com.datadriver.testng.excel.FreeCRMRegTestTestNG -->
