<?xml version="1.0" encoding="UTF-8"?>
<!-- Generated by org.testng.reporters.JUnitReportReporter -->
<testsuite skipped="0" hostname="IN2070121W2" name="com.testng.HardAndSoftAssertion" tests="1" failures="0" timestamp="22 Jun 2018 09:52:31 GMT" time="0.020" errors="0">
  <testcase name="test1" time="0.020" classname="com.testng.HardAndSoftAssertion"/>
</testsuite> <!-- com.testng.HardAndSoftAssertion -->
