<?xml version="1.0" encoding="UTF-8"?>
<!-- Generated by org.testng.reporters.JUnitReportReporter -->
<testsuite skipped="0" hostname="IN2070121W2" name="com.test.utility.TestUtilClass" tests="1" failures="0" timestamp="22 Jun 2018 07:13:13 GMT" time="2.697" errors="0">
  <testcase name="getDataFromExcel" time="2.697" classname="com.test.utility.TestUtilClass"/>
</testsuite> <!-- com.test.utility.TestUtilClass -->
