<?xml version="1.0" encoding="UTF-8"?>
<!-- Generated by org.testng.reporters.JUnitReportReporter -->
<testsuite skipped="0" hostname="IN2070121W2" name="com.testng.TestNGBasics" tests="3" failures="0" timestamp="23 Jun 2018 12:00:06 GMT" time="0.014" errors="0">
  <testcase name="googleTitleTest" time="0.004" classname="com.testng.TestNGBasics"/>
  <testcase name="searchtest" time="0.004" classname="com.testng.TestNGBasics"/>
  <testcase name="googleLogoTest" time="0.006" classname="com.testng.TestNGBasics"/>
</testsuite> <!-- com.testng.TestNGBasics -->
