<?xml version="1.0" encoding="UTF-8"?>
<!-- Generated by org.testng.reporters.JUnitReportReporter -->
<testsuite skipped="0" hostname="IN2070121W2" name="SeleniumSessions.JavaScriptErrorsLogging" tests="1" failures="0" timestamp="31 Aug 2018 05:33:20 GMT" time="18.503" errors="0">
  <testcase name="testMethod" time="18.503" classname="SeleniumSessions.JavaScriptErrorsLogging"/>
</testsuite> <!-- SeleniumSessions.JavaScriptErrorsLogging -->
