<?xml version="1.0" encoding="UTF-8"?>
<!-- Generated by org.testng.reporters.JUnitReportReporter -->
<testsuite skipped="0" hostname="IN2070121W2" name="com.datadriver.testng.excel.HalfEbayTest" tests="1" failures="0" timestamp="22 Jun 2018 05:00:14 GMT" time="20.391" errors="0">
  <testcase name="test" time="20.391" classname="com.datadriver.testng.excel.HalfEbayTest"/>
</testsuite> <!-- com.datadriver.testng.excel.HalfEbayTest -->
