<?xml version="1.0" encoding="UTF-8"?>
<!-- Generated by org.testng.reporters.JUnitReportReporter -->
<testsuite skipped="0" hostname="IN2070121W2" name="com.testng.InvocationCountTest" tests="10" failures="0" timestamp="22 Jun 2018 00:13:42 GMT" time="0.028" errors="0">
  <testcase name="sum" time="0.002" classname="com.testng.InvocationCountTest"/>
  <testcase name="sum" time="0.004" classname="com.testng.InvocationCountTest"/>
  <testcase name="sum" time="0.002" classname="com.testng.InvocationCountTest"/>
  <testcase name="sum" time="0.001" classname="com.testng.InvocationCountTest"/>
  <testcase name="sum" time="0.010" classname="com.testng.InvocationCountTest"/>
  <testcase name="sum" time="0.002" classname="com.testng.InvocationCountTest"/>
  <testcase name="sum" time="0.002" classname="com.testng.InvocationCountTest"/>
  <testcase name="sum" time="0.001" classname="com.testng.InvocationCountTest"/>
  <testcase name="sum" time="0.000" classname="com.testng.InvocationCountTest"/>
  <testcase name="sum" time="0.004" classname="com.testng.InvocationCountTest"/>
</testsuite> <!-- com.testng.InvocationCountTest -->
