<?xml version="1.0" encoding="UTF-8"?>
<!-- Generated by org.testng.reporters.JUnitReportReporter -->
<testsuite skipped="0" hostname="IN2070121W2" name="fileDownloader.DownloadFileConcept" tests="1" failures="0" timestamp="28 Aug 2018 05:13:12 GMT" time="13.021" errors="0">
  <testcase name="downloadFileTest" time="13.021" classname="fileDownloader.DownloadFileConcept"/>
</testsuite> <!-- fileDownloader.DownloadFileConcept -->
