<?xml version="1.0" encoding="UTF-8"?>
<!-- Generated by org.testng.reporters.JUnitReportReporter -->
<testsuite skipped="0" hostname="IN2070121W2" name="com.parameters.ParameterTest" tests="1" failures="0" timestamp="09 Aug 2018 01:15:47 GMT" time="13.277" errors="0">
  <testcase name="yahooLogInTest" time="13.277" classname="com.parameters.ParameterTest"/>
</testsuite> <!-- com.parameters.ParameterTest -->
