<?xml version="1.0" encoding="UTF-8"?>
<!-- Generated by org.testng.reporters.JUnitReportReporter -->
<testsuite skipped="0" hostname="IN2070121W2" name="com.parameters.ParameterTest" tests="1" failures="0" timestamp="22 Jun 2018 08:02:22 GMT" time="19.759" errors="0">
  <testcase name="yahooLogInTest" time="19.759" classname="com.parameters.ParameterTest"/>
</testsuite> <!-- com.parameters.ParameterTest -->
